<?xml version="1.0" encoding="UTF-8"?>
<!-- Generated by org.testng.reporters.JUnitXMLReporter -->
<testsuite hostname="DONTV4-OS36" ignored="0" name="Default test" tests="5" failures="0" timestamp="06 Jul 2017 08:45:17 GMT" time="126.672" errors="0">
  <testcase name="themMoiNhanKhau" time="23.275" classname="testQuanLyHoGiaDinh.TestThemMoiNhanKhau"/>
  <testcase name="soSanh" time="20.894" classname="testQuanLyHoGiaDinh.TestThemMoiNhanKhau"/>
  <testcase name="themMoiNhanKhau2" time="22.709" classname="testQuanLyHoGiaDinh.TestThemMoiNhanKhau"/>
  <testcase name="soSanh2" time="19.222" classname="testQuanLyHoGiaDinh.TestThemMoiNhanKhau"/>
  <testcase name="themMoiNhanKhau4" time="20.95" classname="testQuanLyHoGiaDinh.TestThemMoiNhanKhau"/>
</testsuite> <!-- Default test -->
