-------------------------------------------------------------------------------
Test set: TestSuite
-------------------------------------------------------------------------------
Tests run: 23, Failures: 7, Errors: 0, Skipped: 16, Time elapsed: 56.648 sec <<< FAILURE!
setup(testng.TestMaYTCN)  Time elapsed: 6.862 sec  <<< FAILURE!
org.openqa.selenium.SessionNotCreatedException: Unable to create new remote session. desired capabilities = Capabilities [{marionette=true, firefoxOptions=org.openqa.selenium.firefox.FirefoxOptions@6ce139a4, browserName=firefox, moz:firefoxOptions=org.openqa.selenium.firefox.FirefoxOptions@6ce139a4, version=, platform=ANY}], required capabilities = Capabilities [{}]
Build info: version: '3.0.1', revision: '1969d75', time: '2016-10-18 09:49:13 -0700'
System info: host: 'DONTV4-OS36', ip: '10.61.187.146', os.name: 'Windows 7', os.arch: 'amd64', os.version: '6.1', java.version: '1.8.0_101'
Driver info: driver.version: FirefoxDriver
	at org.openqa.selenium.remote.ProtocolHandshake.createSession(ProtocolHandshake.java:91)
	at org.openqa.selenium.remote.HttpCommandExecutor.execute(HttpCommandExecutor.java:141)
	at org.openqa.selenium.remote.service.DriverCommandExecutor.execute(DriverCommandExecutor.java:82)
	at org.openqa.selenium.remote.RemoteWebDriver.execute(RemoteWebDriver.java:601)
	at org.openqa.selenium.remote.RemoteWebDriver.startSession(RemoteWebDriver.java:241)
	at org.openqa.selenium.remote.RemoteWebDriver.<init>(RemoteWebDriver.java:128)
	at org.openqa.selenium.firefox.FirefoxDriver.<init>(FirefoxDriver.java:259)
	at org.openqa.selenium.firefox.FirefoxDriver.<init>(FirefoxDriver.java:247)
	at org.openqa.selenium.firefox.FirefoxDriver.<init>(FirefoxDriver.java:242)
	at org.openqa.selenium.firefox.FirefoxDriver.<init>(FirefoxDriver.java:238)
	at org.openqa.selenium.firefox.FirefoxDriver.<init>(FirefoxDriver.java:127)
	at testng.TestMaYTCN.setup(TestMaYTCN.java:24)

setup(testQuanLyHoSoSucKhoe.TestLapHoSoSucKhoe)  Time elapsed: 8.443 sec  <<< FAILURE!
org.openqa.selenium.SessionNotCreatedException: Unable to create new remote session. desired capabilities = Capabilities [{marionette=true, firefoxOptions=org.openqa.selenium.firefox.FirefoxOptions@2bfc268b, browserName=firefox, moz:firefoxOptions=org.openqa.selenium.firefox.FirefoxOptions@2bfc268b, version=, platform=ANY}], required capabilities = Capabilities [{}]
Build info: version: '3.0.1', revision: '1969d75', time: '2016-10-18 09:49:13 -0700'
System info: host: 'DONTV4-OS36', ip: '10.61.187.146', os.name: 'Windows 7', os.arch: 'amd64', os.version: '6.1', java.version: '1.8.0_101'
Driver info: driver.version: FirefoxDriver
	at org.openqa.selenium.remote.ProtocolHandshake.createSession(ProtocolHandshake.java:91)
	at org.openqa.selenium.remote.HttpCommandExecutor.execute(HttpCommandExecutor.java:141)
	at org.openqa.selenium.remote.service.DriverCommandExecutor.execute(DriverCommandExecutor.java:82)
	at org.openqa.selenium.remote.RemoteWebDriver.execute(RemoteWebDriver.java:601)
	at org.openqa.selenium.remote.RemoteWebDriver.startSession(RemoteWebDriver.java:241)
	at org.openqa.selenium.remote.RemoteWebDriver.<init>(RemoteWebDriver.java:128)
	at org.openqa.selenium.firefox.FirefoxDriver.<init>(FirefoxDriver.java:259)
	at org.openqa.selenium.firefox.FirefoxDriver.<init>(FirefoxDriver.java:247)
	at org.openqa.selenium.firefox.FirefoxDriver.<init>(FirefoxDriver.java:242)
	at org.openqa.selenium.firefox.FirefoxDriver.<init>(FirefoxDriver.java:238)
	at org.openqa.selenium.firefox.FirefoxDriver.<init>(FirefoxDriver.java:127)
	at testQuanLyHoSoSucKhoe.TestLapHoSoSucKhoe.setup(TestLapHoSoSucKhoe.java:24)

setup(testQuanLyHoSoSucKhoe.TestLichSuKhamBenh)  Time elapsed: 10.759 sec  <<< FAILURE!
org.openqa.selenium.SessionNotCreatedException: Unable to create new remote session. desired capabilities = Capabilities [{marionette=true, firefoxOptions=org.openqa.selenium.firefox.FirefoxOptions@1ba9117e, browserName=firefox, moz:firefoxOptions=org.openqa.selenium.firefox.FirefoxOptions@1ba9117e, version=, platform=ANY}], required capabilities = Capabilities [{}]
Build info: version: '3.0.1', revision: '1969d75', time: '2016-10-18 09:49:13 -0700'
System info: host: 'DONTV4-OS36', ip: '10.61.187.146', os.name: 'Windows 7', os.arch: 'amd64', os.version: '6.1', java.version: '1.8.0_101'
Driver info: driver.version: FirefoxDriver
	at org.openqa.selenium.remote.ProtocolHandshake.createSession(ProtocolHandshake.java:91)
	at org.openqa.selenium.remote.HttpCommandExecutor.execute(HttpCommandExecutor.java:141)
	at org.openqa.selenium.remote.service.DriverCommandExecutor.execute(DriverCommandExecutor.java:82)
	at org.openqa.selenium.remote.RemoteWebDriver.execute(RemoteWebDriver.java:601)
	at org.openqa.selenium.remote.RemoteWebDriver.startSession(RemoteWebDriver.java:241)
	at org.openqa.selenium.remote.RemoteWebDriver.<init>(RemoteWebDriver.java:128)
	at org.openqa.selenium.firefox.FirefoxDriver.<init>(FirefoxDriver.java:259)
	at org.openqa.selenium.firefox.FirefoxDriver.<init>(FirefoxDriver.java:247)
	at org.openqa.selenium.firefox.FirefoxDriver.<init>(FirefoxDriver.java:242)
	at org.openqa.selenium.firefox.FirefoxDriver.<init>(FirefoxDriver.java:238)
	at org.openqa.selenium.firefox.FirefoxDriver.<init>(FirefoxDriver.java:127)
	at testQuanLyHoSoSucKhoe.TestLichSuKhamBenh.setup(TestLichSuKhamBenh.java:23)

setup(testQuanLyHoGiaDinh.TestThemMoiHoKhau)  Time elapsed: 6.387 sec  <<< FAILURE!
org.openqa.selenium.SessionNotCreatedException: Unable to create new remote session. desired capabilities = Capabilities [{marionette=true, firefoxOptions=org.openqa.selenium.firefox.FirefoxOptions@cad498c, browserName=firefox, moz:firefoxOptions=org.openqa.selenium.firefox.FirefoxOptions@cad498c, version=, platform=ANY}], required capabilities = Capabilities [{}]
Build info: version: '3.0.1', revision: '1969d75', time: '2016-10-18 09:49:13 -0700'
System info: host: 'DONTV4-OS36', ip: '10.61.187.146', os.name: 'Windows 7', os.arch: 'amd64', os.version: '6.1', java.version: '1.8.0_101'
Driver info: driver.version: FirefoxDriver
	at org.openqa.selenium.remote.ProtocolHandshake.createSession(ProtocolHandshake.java:91)
	at org.openqa.selenium.remote.HttpCommandExecutor.execute(HttpCommandExecutor.java:141)
	at org.openqa.selenium.remote.service.DriverCommandExecutor.execute(DriverCommandExecutor.java:82)
	at org.openqa.selenium.remote.RemoteWebDriver.execute(RemoteWebDriver.java:601)
	at org.openqa.selenium.remote.RemoteWebDriver.startSession(RemoteWebDriver.java:241)
	at org.openqa.selenium.remote.RemoteWebDriver.<init>(RemoteWebDriver.java:128)
	at org.openqa.selenium.firefox.FirefoxDriver.<init>(FirefoxDriver.java:259)
	at org.openqa.selenium.firefox.FirefoxDriver.<init>(FirefoxDriver.java:247)
	at org.openqa.selenium.firefox.FirefoxDriver.<init>(FirefoxDriver.java:242)
	at org.openqa.selenium.firefox.FirefoxDriver.<init>(FirefoxDriver.java:238)
	at org.openqa.selenium.firefox.FirefoxDriver.<init>(FirefoxDriver.java:127)
	at testQuanLyHoGiaDinh.TestThemMoiHoKhau.setup(TestThemMoiHoKhau.java:24)

setup(testQuanLyHoGiaDinh.TestThemMoiNhanKhau)  Time elapsed: 8.46 sec  <<< FAILURE!
org.openqa.selenium.SessionNotCreatedException: Unable to create new remote session. desired capabilities = Capabilities [{marionette=true, firefoxOptions=org.openqa.selenium.firefox.FirefoxOptions@4e096385, browserName=firefox, moz:firefoxOptions=org.openqa.selenium.firefox.FirefoxOptions@4e096385, version=, platform=ANY}], required capabilities = Capabilities [{}]
Build info: version: '3.0.1', revision: '1969d75', time: '2016-10-18 09:49:13 -0700'
System info: host: 'DONTV4-OS36', ip: '10.61.187.146', os.name: 'Windows 7', os.arch: 'amd64', os.version: '6.1', java.version: '1.8.0_101'
Driver info: driver.version: FirefoxDriver
	at org.openqa.selenium.remote.ProtocolHandshake.createSession(ProtocolHandshake.java:91)
	at org.openqa.selenium.remote.HttpCommandExecutor.execute(HttpCommandExecutor.java:141)
	at org.openqa.selenium.remote.service.DriverCommandExecutor.execute(DriverCommandExecutor.java:82)
	at org.openqa.selenium.remote.RemoteWebDriver.execute(RemoteWebDriver.java:601)
	at org.openqa.selenium.remote.RemoteWebDriver.startSession(RemoteWebDriver.java:241)
	at org.openqa.selenium.remote.RemoteWebDriver.<init>(RemoteWebDriver.java:128)
	at org.openqa.selenium.firefox.FirefoxDriver.<init>(FirefoxDriver.java:259)
	at org.openqa.selenium.firefox.FirefoxDriver.<init>(FirefoxDriver.java:247)
	at org.openqa.selenium.firefox.FirefoxDriver.<init>(FirefoxDriver.java:242)
	at org.openqa.selenium.firefox.FirefoxDriver.<init>(FirefoxDriver.java:238)
	at org.openqa.selenium.firefox.FirefoxDriver.<init>(FirefoxDriver.java:127)
	at testQuanLyHoGiaDinh.TestThemMoiNhanKhau.setup(TestThemMoiNhanKhau.java:23)

setup(testQuanLyHoGiaDinh.TestThemNKVaoHK)  Time elapsed: 6.679 sec  <<< FAILURE!
org.openqa.selenium.SessionNotCreatedException: Unable to create new remote session. desired capabilities = Capabilities [{marionette=true, firefoxOptions=org.openqa.selenium.firefox.FirefoxOptions@1b6e1eff, browserName=firefox, moz:firefoxOptions=org.openqa.selenium.firefox.FirefoxOptions@1b6e1eff, version=, platform=ANY}], required capabilities = Capabilities [{}]
Build info: version: '3.0.1', revision: '1969d75', time: '2016-10-18 09:49:13 -0700'
System info: host: 'DONTV4-OS36', ip: '10.61.187.146', os.name: 'Windows 7', os.arch: 'amd64', os.version: '6.1', java.version: '1.8.0_101'
Driver info: driver.version: FirefoxDriver
	at org.openqa.selenium.remote.ProtocolHandshake.createSession(ProtocolHandshake.java:91)
	at org.openqa.selenium.remote.HttpCommandExecutor.execute(HttpCommandExecutor.java:141)
	at org.openqa.selenium.remote.service.DriverCommandExecutor.execute(DriverCommandExecutor.java:82)
	at org.openqa.selenium.remote.RemoteWebDriver.execute(RemoteWebDriver.java:601)
	at org.openqa.selenium.remote.RemoteWebDriver.startSession(RemoteWebDriver.java:241)
	at org.openqa.selenium.remote.RemoteWebDriver.<init>(RemoteWebDriver.java:128)
	at org.openqa.selenium.firefox.FirefoxDriver.<init>(FirefoxDriver.java:259)
	at org.openqa.selenium.firefox.FirefoxDriver.<init>(FirefoxDriver.java:247)
	at org.openqa.selenium.firefox.FirefoxDriver.<init>(FirefoxDriver.java:242)
	at org.openqa.selenium.firefox.FirefoxDriver.<init>(FirefoxDriver.java:238)
	at org.openqa.selenium.firefox.FirefoxDriver.<init>(FirefoxDriver.java:127)
	at testQuanLyHoGiaDinh.TestThemNKVaoHK.setup(TestThemNKVaoHK.java:24)

setup(testQuanLyHoSoSucKhoe.TestTiemChung)  Time elapsed: 7.121 sec  <<< FAILURE!
org.openqa.selenium.SessionNotCreatedException: Unable to create new remote session. desired capabilities = Capabilities [{marionette=true, firefoxOptions=org.openqa.selenium.firefox.FirefoxOptions@550ee7e5, browserName=firefox, moz:firefoxOptions=org.openqa.selenium.firefox.FirefoxOptions@550ee7e5, version=, platform=ANY}], required capabilities = Capabilities [{}]
Build info: version: '3.0.1', revision: '1969d75', time: '2016-10-18 09:49:13 -0700'
System info: host: 'DONTV4-OS36', ip: '10.61.187.146', os.name: 'Windows 7', os.arch: 'amd64', os.version: '6.1', java.version: '1.8.0_101'
Driver info: driver.version: FirefoxDriver
	at org.openqa.selenium.remote.ProtocolHandshake.createSession(ProtocolHandshake.java:91)
	at org.openqa.selenium.remote.HttpCommandExecutor.execute(HttpCommandExecutor.java:141)
	at org.openqa.selenium.remote.service.DriverCommandExecutor.execute(DriverCommandExecutor.java:82)
	at org.openqa.selenium.remote.RemoteWebDriver.execute(RemoteWebDriver.java:601)
	at org.openqa.selenium.remote.RemoteWebDriver.startSession(RemoteWebDriver.java:241)
	at org.openqa.selenium.remote.RemoteWebDriver.<init>(RemoteWebDriver.java:128)
	at org.openqa.selenium.firefox.FirefoxDriver.<init>(FirefoxDriver.java:259)
	at org.openqa.selenium.firefox.FirefoxDriver.<init>(FirefoxDriver.java:247)
	at org.openqa.selenium.firefox.FirefoxDriver.<init>(FirefoxDriver.java:242)
	at org.openqa.selenium.firefox.FirefoxDriver.<init>(FirefoxDriver.java:238)
	at org.openqa.selenium.firefox.FirefoxDriver.<init>(FirefoxDriver.java:127)
	at testQuanLyHoSoSucKhoe.TestTiemChung.setup(TestTiemChung.java:24)

